


ARM Macro Assembler    Page 1 


    1 00000000                 AREA             interrupts, CODE, READWRITE
    2 00000000         
    3 00000000                 EXPORT           lab5
    4 00000000         
    5 00000000                 EXPORT           FIQ_Handler
    6 00000000         
    7 00000000                 EXTERN           uart_init
    8 00000000                 EXTERN           pin_connect_block_setup_for_uar
t0
    9 00000000                 EXTERN           setup_pins
   10 00000000                 EXTERN           validate_input
   11 00000000                 EXTERN           change_display
   12 00000000                 EXTERN           clear_display
   13 00000000                 EXTERN           toggle_seven_seg
   14 00000000                 EXTERN           read_character
   15 00000000                 EXTERN           output_character
   16 00000000                 EXTERN           output_string
   17 00000000         
   18 00000000 50 72 65 
              73 73 20 
              6D 6F 6D 
              65 6E 74 
              61 72 79 
              20 70 75 
              73 68 20 
              62 75 74 
              74 6F 6E 
              20 74 6F 
              20 74 6F 
              67 67 6C 
              65 20 73 
              65 76 65 
              6E 20 73 
              65 67 6D 
              65 6E 74 
              20 64 69 
              73 70 6C 
              61 79 20 
              6F 6E 20 
              6F 72 20 
              6F 66 66 
              2E 20 50 
              72 65 73 
              73 20 61 
              20 68 65 
              78 61 64 
              65 63 69 
              6D 61 6C 
              20 63 68 
              61 72 61 
              63 74 65 
              72 20 28 
              68 6F 6C 
              64 20 73 
              68 69 66 
              74 20 66 
              6F 72 20 
              41 2D 46 
              29 20 74 



ARM Macro Assembler    Page 2 


              6F 20 63 
              68 61 6E 
              67 65 20 
              74 68 65 
              20 64 69 
              73 70 6C 
              61 79 20 
              28 69 66 
              20 69 74 
              20 69 73 
              20 6F 6E 
              29 2E 20 
              50 72 65 
              73 73 20 
              27 71 27 
              20 74 6F 
              20 65 78 
              69 74 20 
              70 72 6F 
              67 72 61 
              6D 2E 00 prompt  =                "Press momentary push button to
 toggle seven segment display on or off. Press a hexadecimal character (hold sh
ift for A-F) to change the display (if it is on). Press 'q' to exit program.",0
   19 000000BA 74 65 73 
              74 31 00 test    =                "test1",0
   20 000000C0                 ALIGN
   21 000000C0         
   22 000000C0         lab5
   23 000000C0         
   24 000000C0 E92D4000        STMFD            sp!, {lr}
   25 000000C4         
   26 000000C4 EBFFFFFE        BL               uart_init   ;setup the uart wit
                                                            h its init subrouti
                                                            ne
   27 000000C8 EBFFFFFE        BL               pin_connect_block_setup_for_uar
t0 
                                                            ;setup the pin conn
                                                            ect block
   28 000000CC EBFFFFFE        BL               setup_pins  ;setup pins require
                                                            d for momentary pus
                                                            h button and seven 
                                                            segment display 
   29 000000D0 EB00000A        BL               interrupt_init
   30 000000D4 EBFFFFFE        BL               clear_display
   31 000000D8         
   32 000000D8 E3A00001        MOV              r0, #1
   33 000000DC         
   34 000000DC EBFFFFFE        BL               change_display
   35 000000E0         
   36 000000E0 E3A09001        MOV              r9, #1
   37 000000E4         
   38 000000E4 E59F40D8        LDR              r4, =prompt
   39 000000E8         
   40 000000E8 EBFFFFFE        BL               output_string
   41 000000EC         
   42 000000EC         lab5_loop
   43 000000EC         
   44 000000EC         ;BL read_character
   45 000000EC         ;BL validate_input



ARM Macro Assembler    Page 3 


   46 000000EC         
   47 000000EC         ;CMP r4, #0
   48 000000EC         ;BEQ skip_output
   49 000000EC         
   50 000000EC         ;BL output_character 
   51 000000EC         
   52 000000EC         ;skip_output
   53 000000EC         
   54 000000EC         ;MOV r6, r0
   55 000000EC         
   56 000000EC E3570001        CMP              r7, #1
   57 000000F0 0A000000        BEQ              lab5_end
   58 000000F4         
   59 000000F4 EAFFFFFC        B                lab5_loop
   60 000000F8         
   61 000000F8         lab5_end
   62 000000F8         
   63 000000F8 E8BD4000        LDMFD            sp!,{lr}
   64 000000FC         
   65 000000FC E12FFF1E        BX               lr
   66 00000100         
   67 00000100         
   68 00000100         
   69 00000100         interrupt_init
   70 00000100         
   71 00000100 E92D4007        STMFD            SP!, {r0-r2, lr} 
                                                            ; Save registers 
   72 00000104         
   73 00000104         
   74 00000104         
   75 00000104         ; Push button setup   
   76 00000104         
   77 00000104 E59F00BC        LDR              r0, =0xE002C000
   78 00000108         
   79 00000108 E5901000        LDR              r1, [r0]
   80 0000010C         
   81 0000010C E3811202        ORR              r1, r1, #0x20000000
   82 00000110         
   83 00000110 E3C11201        BIC              r1, r1, #0x10000000
   84 00000114         
   85 00000114 E5801000        STR              r1, [r0]    ; PINSEL0 bits 29:2
                                                            8 = 10
   86 00000118         
   87 00000118         
   88 00000118         ;key board setup
   89 00000118 E59F00AC        LDR              r0, =0xE000C004
   90 0000011C         
   91 0000011C E5901000        LDR              r1, [r0]
   92 00000120         
   93 00000120 E3811001        ORR              r1, r1, #0x1
   94 00000124         
   95 00000124 E5801000        STR              r1, [r0]
   96 00000128         
   97 00000128         
   98 00000128         ; Classify sources as IRQ or FIQ
   99 00000128         
  100 00000128 E59F00A0        LDR              r0, =0xFFFFF000
  101 0000012C         
  102 0000012C E590100C        LDR              r1, [r0, #0xC]



ARM Macro Assembler    Page 4 


  103 00000130         
  104 00000130 E59F209C        LDR              r2, =0x8040
  105 00000134         
  106 00000134 E1811002        ORR              r1, r1, r2  ; External Interrup
                                                            t 1
  107 00000138         
  108 00000138 E580100C        STR              r1, [r0, #0xC]
  109 0000013C         
  110 0000013C         
  111 0000013C         
  112 0000013C         ; Enable Interrupts
  113 0000013C         
  114 0000013C E59F008C        LDR              r0, =0xFFFFF000
  115 00000140         
  116 00000140 E5901010        LDR              r1, [r0, #0x10]
  117 00000144         
  118 00000144 E59F2088        LDR              r2, =0x8040
  119 00000148         
  120 00000148 E1811002        ORR              r1, r1, r2  ; External Interrup
                                                            t 1
  121 0000014C         
  122 0000014C E5801010        STR              r1, [r0, #0x10]
  123 00000150         
  124 00000150         
  125 00000150         
  126 00000150         ; External Interrupt 1 setup for edge sensitive
  127 00000150         
  128 00000150 E59F0080        LDR              r0, =0xE01FC148
  129 00000154         
  130 00000154 E5901000        LDR              r1, [r0]
  131 00000158         
  132 00000158 E3811002        ORR              r1, r1, #2  ; EINT1 = Edge Sens
                                                            itive
  133 0000015C         
  134 0000015C E5801000        STR              r1, [r0]
  135 00000160         
  136 00000160         
  137 00000160         
  138 00000160         ; Enable FIQ's, Disable IRQ's
  139 00000160         
  140 00000160 E10F0000        MRS              r0, CPSR
  141 00000164         
  142 00000164 E3C00040        BIC              r0, r0, #0x40
  143 00000168         
  144 00000168 E3800080        ORR              r0, r0, #0x80
  145 0000016C         
  146 0000016C E121F000        MSR              CPSR_c, r0
  147 00000170         
  148 00000170         
  149 00000170         
  150 00000170 E8BD4007        LDMFD            SP!, {r0-r2, lr} 
                                                            ; Restore registers
                                                            
  151 00000174         
  152 00000174 E12FFF1E        BX               lr          ; Return
  153 00000178         
  154 00000178         
  155 00000178         
  156 00000178         FIQ_Handler



ARM Macro Assembler    Page 5 


  157 00000178         
  158 00000178 E92D403F        STMFD            SP!, {r0, r1, r2, r3, r4, r5, l
r} 
                                                            ; Save registers 
  159 0000017C         
  160 0000017C         
  161 0000017C         
  162 0000017C         EINT1                                ; Check for EINT1 i
                                                            nterrupt
  163 0000017C         
  164 0000017C E59F0058        LDR              r0, =0xE01FC140
  165 00000180         
  166 00000180 E5901000        LDR              r1, [r0]
  167 00000184         
  168 00000184 E3110002        TST              r1, #2
  169 00000188         
  170 00000188 0A000003        BEQ              FIQ_Keys
  171 0000018C         
  172 0000018C EBFFFFFE        BL               toggle_seven_seg
  173 00000190         
  174 00000190 E3811002        ORR              r1, r1, #2  ; Clear Interrupt
  175 00000194         
  176 00000194 E5801000        STR              r1, [r0]
  177 00000198         
  178 00000198 EA000007        B                FIQ_Exit
  179 0000019C         
  180 0000019C         FIQ_Keys
  181 0000019C E59F003C        LDR              r0, =0xE000C008
  182 000001A0         
  183 000001A0 E5901000        LDR              r1, [r0]
  184 000001A4         
  185 000001A4 E2012001        AND              r2, r1, #1
  186 000001A8         
  187 000001A8 E3520000        CMP              r2, #0
  188 000001AC         
  189 000001AC 1A000002        BNE              FIQ_Exit
  190 000001B0         
  191 000001B0 EBFFFFFE        BL               read_character
  192 000001B4 EBFFFFFE        BL               output_character
  193 000001B8 EBFFFFFE        BL               validate_input
  194 000001BC         
  195 000001BC         FIQ_Exit
  196 000001BC         
  197 000001BC E8BD403F        LDMFD            SP!, {r0, r1, r2, r3, r4, r5, l
r}
  198 000001C0         
  199 000001C0 E25EF004        SUBS             pc, lr, #4
  200 000001C4         
  201 000001C4         
  202 000001C4         
  203 000001C4                 END
              00000000 
              E002C000 
              E000C004 
              FFFFF000 
              00008040 
              E01FC148 
              E01FC140 
              E000C008 



ARM Macro Assembler    Page 6 


Command Line: --debug --xref --diag_suppress=9931 --apcs=interwork --depend=.\o
bjects\lab5.d -o.\objects\lab5.o -IC:\Keil_v5\ARM\RV31\INC -IC:\Keil_v5\ARM\CMS
IS\Include -IC:\Keil_v5\ARM\INC\Philips --predefine="__EVAL SETA 1" --predefine
="__UVISION_VERSION SETA 524" --list=.\listings\lab5.lst lab5.s



ARM Macro Assembler    Page 1 Alphabetic symbol ordering
Relocatable symbols

EINT1 0000017C

Symbol: EINT1
   Definitions
      At line 162 in file lab5.s
   Uses
      None
Comment: EINT1 unused
FIQ_Exit 000001BC

Symbol: FIQ_Exit
   Definitions
      At line 195 in file lab5.s
   Uses
      At line 178 in file lab5.s
      At line 189 in file lab5.s

FIQ_Handler 00000178

Symbol: FIQ_Handler
   Definitions
      At line 156 in file lab5.s
   Uses
      At line 5 in file lab5.s
Comment: FIQ_Handler used once
FIQ_Keys 0000019C

Symbol: FIQ_Keys
   Definitions
      At line 180 in file lab5.s
   Uses
      At line 170 in file lab5.s
Comment: FIQ_Keys used once
interrupt_init 00000100

Symbol: interrupt_init
   Definitions
      At line 69 in file lab5.s
   Uses
      At line 29 in file lab5.s
Comment: interrupt_init used once
interrupts 00000000

Symbol: interrupts
   Definitions
      At line 1 in file lab5.s
   Uses
      None
Comment: interrupts unused
lab5 000000C0

Symbol: lab5
   Definitions
      At line 22 in file lab5.s
   Uses
      At line 3 in file lab5.s
Comment: lab5 used once
lab5_end 000000F8




ARM Macro Assembler    Page 2 Alphabetic symbol ordering
Relocatable symbols

Symbol: lab5_end
   Definitions
      At line 61 in file lab5.s
   Uses
      At line 57 in file lab5.s
Comment: lab5_end used once
lab5_loop 000000EC

Symbol: lab5_loop
   Definitions
      At line 42 in file lab5.s
   Uses
      At line 59 in file lab5.s
Comment: lab5_loop used once
prompt 00000000

Symbol: prompt
   Definitions
      At line 18 in file lab5.s
   Uses
      At line 38 in file lab5.s
Comment: prompt used once
test 000000BA

Symbol: test
   Definitions
      At line 19 in file lab5.s
   Uses
      None
Comment: test unused
11 symbols



ARM Macro Assembler    Page 1 Alphabetic symbol ordering
External symbols

change_display 00000000

Symbol: change_display
   Definitions
      At line 11 in file lab5.s
   Uses
      At line 34 in file lab5.s
Comment: change_display used once
clear_display 00000000

Symbol: clear_display
   Definitions
      At line 12 in file lab5.s
   Uses
      At line 30 in file lab5.s
Comment: clear_display used once
output_character 00000000

Symbol: output_character
   Definitions
      At line 15 in file lab5.s
   Uses
      At line 192 in file lab5.s
Comment: output_character used once
output_string 00000000

Symbol: output_string
   Definitions
      At line 16 in file lab5.s
   Uses
      At line 40 in file lab5.s
Comment: output_string used once
pin_connect_block_setup_for_uart0 00000000

Symbol: pin_connect_block_setup_for_uart0
   Definitions
      At line 8 in file lab5.s
   Uses
      At line 27 in file lab5.s
Comment: pin_connect_block_setup_for_uart0 used once
read_character 00000000

Symbol: read_character
   Definitions
      At line 14 in file lab5.s
   Uses
      At line 191 in file lab5.s
Comment: read_character used once
setup_pins 00000000

Symbol: setup_pins
   Definitions
      At line 9 in file lab5.s
   Uses
      At line 28 in file lab5.s
Comment: setup_pins used once
toggle_seven_seg 00000000

Symbol: toggle_seven_seg



ARM Macro Assembler    Page 2 Alphabetic symbol ordering
External symbols

   Definitions
      At line 13 in file lab5.s
   Uses
      At line 172 in file lab5.s
Comment: toggle_seven_seg used once
uart_init 00000000

Symbol: uart_init
   Definitions
      At line 7 in file lab5.s
   Uses
      At line 26 in file lab5.s
Comment: uart_init used once
validate_input 00000000

Symbol: validate_input
   Definitions
      At line 10 in file lab5.s
   Uses
      At line 193 in file lab5.s
Comment: validate_input used once
10 symbols
355 symbols in table
